c:\users\qianqians\documents\workspace\darkforce\darkforce\endflower\endflower\debug\endflower.pdb
c:\users\qianqians\documents\workspace\darkforce\darkforce\endflower\endflower\debug\endflower.idb
c:\users\qianqians\documents\workspace\darkforce\darkforce\endflower\endflower\debug\camera.obj
c:\users\qianqians\documents\workspace\darkforce\darkforce\endflower\endflower\debug\context.obj
c:\users\qianqians\documents\workspace\darkforce\darkforce\endflower\endflower\debug\control.obj
c:\users\qianqians\documents\workspace\darkforce\darkforce\endflower\endflower\debug\endflower.obj
c:\users\qianqians\documents\workspace\darkforce\darkforce\endflower\endflower\debug\material.obj
c:\users\qianqians\documents\workspace\darkforce\darkforce\endflower\endflower\debug\render.obj
c:\users\qianqians\documents\workspace\darkforce\darkforce\endflower\endflower\debug\shader.obj
c:\users\qianqians\documents\workspace\darkforce\darkforce\endflower\endflower\debug\texture.obj
c:\users\qianqians\documents\workspace\darkforce\darkforce\endflower\endflower\debug\vertext.obj
c:\users\qianqians\documents\workspace\darkforce\darkforce\endflower\endflower\debug\wnd.obj
c:\users\qianqians\documents\workspace\darkforce\darkforce\endflower\debug\endflower.lib
c:\users\qianqians\documents\workspace\darkforce\darkforce\endflower\debug\endflower.pdb
c:\users\qianqians\documents\workspace\darkforce\darkforce\endflower\endflower\debug\endflower.tlog\cl.command.1.tlog
c:\users\qianqians\documents\workspace\darkforce\darkforce\endflower\endflower\debug\endflower.tlog\cl.read.1.tlog
c:\users\qianqians\documents\workspace\darkforce\darkforce\endflower\endflower\debug\endflower.tlog\cl.write.1.tlog
c:\users\qianqians\documents\workspace\darkforce\darkforce\endflower\endflower\debug\endflower.tlog\lib-link.read.1.tlog
c:\users\qianqians\documents\workspace\darkforce\darkforce\endflower\endflower\debug\endflower.tlog\lib-link.write.1.tlog
c:\users\qianqians\documents\workspace\darkforce\darkforce\endflower\endflower\debug\endflower.tlog\lib.command.1.tlog
